TN:
SF:src\config\db.js
FN:18,(anonymous_0)
FN:19,(anonymous_1)
FNF:2
FNH:1
FNDA:0,(anonymous_0)
FNDA:3,(anonymous_1)
DA:2,3
DA:4,3
DA:17,3
DA:18,0
DA:19,3
DA:21,3
LF:6
LH:5
BRDA:5,0,0,3
BRDA:5,0,1,3
BRDA:6,1,0,3
BRDA:6,1,1,3
BRDA:7,2,0,3
BRDA:7,2,1,3
BRDA:9,3,0,3
BRDA:9,3,1,3
BRDA:11,4,0,0
BRDA:11,4,1,3
BRF:10
BRH:9
end_of_record
TN:
SF:src\middlewares\rateLimiter.js
FNF:0
FNH:0
DA:2,1
DA:7,1
DA:23,1
DA:39,1
DA:53,1
DA:67,1
DA:78,1
LF:7
LH:7
BRF:0
BRH:0
end_of_record
TN:
SF:src\middlewares\validation.js
FN:7,(anonymous_0)
FN:76,(anonymous_1)
FN:169,(anonymous_2)
FN:186,(anonymous_3)
FN:187,(anonymous_4)
FN:195,(anonymous_5)
FN:198,(anonymous_6)
FNF:7
FNH:1
FNDA:3,(anonymous_0)
FNDA:0,(anonymous_1)
FNDA:0,(anonymous_2)
FNDA:0,(anonymous_3)
FNDA:0,(anonymous_4)
FNDA:0,(anonymous_5)
FNDA:0,(anonymous_6)
DA:2,1
DA:7,1
DA:8,3
DA:9,3
DA:10,1
DA:16,2
DA:22,1
DA:48,1
DA:64,1
DA:77,0
DA:78,0
DA:79,0
DA:80,0
DA:81,0
DA:83,0
DA:96,1
DA:143,1
DA:170,0
DA:171,0
DA:172,0
DA:173,0
DA:174,0
DA:177,0
DA:186,1
DA:187,0
DA:188,0
DA:195,0
DA:198,0
DA:199,0
DA:200,0
DA:201,0
DA:202,0
DA:203,0
DA:208,0
DA:209,0
DA:211,0
DA:212,0
DA:214,0
DA:215,0
DA:218,0
DA:224,1
DA:259,1
DA:266,1
LF:43
LH:15
BRDA:9,0,0,1
BRDA:9,0,1,2
BRDA:80,1,0,0
BRDA:80,1,1,0
BRDA:80,2,0,0
BRDA:80,2,1,0
BRDA:170,3,0,0
BRDA:170,3,1,0
BRDA:170,4,0,0
BRDA:170,4,1,0
BRDA:173,5,0,0
BRDA:173,5,1,0
BRDA:200,6,0,0
BRDA:200,6,1,0
BRDA:202,7,0,0
BRDA:202,7,1,0
BRDA:202,8,0,0
BRDA:202,8,1,0
BRDA:208,9,0,0
BRDA:208,9,1,0
BRDA:211,10,0,0
BRDA:211,10,1,0
BRDA:214,11,0,0
BRDA:214,11,1,0
BRF:24
BRH:2
end_of_record
TN:
SF:src\utils\apiResponse.js
FN:15,(anonymous_0)
FN:24,(anonymous_1)
FN:40,(anonymous_2)
FN:56,(anonymous_3)
FN:60,(anonymous_4)
FN:73,(anonymous_5)
FN:85,(anonymous_6)
FN:97,(anonymous_7)
FN:109,(anonymous_8)
FN:121,(anonymous_9)
FN:135,(anonymous_10)
FN:157,(anonymous_11)
FN:167,(anonymous_12)
FN:176,(anonymous_13)
FN:187,(anonymous_14)
FN:198,(anonymous_15)
FN:217,(anonymous_16)
FN:233,(anonymous_17)
FNF:18
FNH:9
FNDA:4,(anonymous_0)
FNDA:13,(anonymous_1)
FNDA:2,(anonymous_2)
FNDA:0,(anonymous_3)
FNDA:0,(anonymous_4)
FNDA:1,(anonymous_5)
FNDA:1,(anonymous_6)
FNDA:1,(anonymous_7)
FNDA:0,(anonymous_8)
FNDA:0,(anonymous_9)
FNDA:0,(anonymous_10)
FNDA:1,(anonymous_11)
FNDA:0,(anonymous_12)
FNDA:1,(anonymous_13)
FNDA:0,(anonymous_14)
FNDA:3,(anonymous_15)
FNDA:0,(anonymous_16)
FNDA:0,(anonymous_17)
DA:16,4
DA:24,4
DA:25,13
DA:26,1
DA:30,4
DA:41,2
DA:47,2
DA:57,0
DA:60,0
DA:74,1
DA:86,1
DA:98,1
DA:110,0
DA:122,0
DA:136,0
DA:158,1
DA:168,0
DA:177,1
DA:188,0
DA:198,1
DA:199,3
DA:200,3
DA:202,3
DA:217,1
DA:225,0
DA:227,0
DA:228,0
DA:229,0
DA:232,0
DA:233,0
DA:234,0
DA:235,0
DA:236,0
DA:237,0
DA:239,0
DA:240,0
DA:242,0
DA:246,0
DA:247,0
DA:251,0
DA:254,0
DA:255,0
DA:256,0
DA:258,0
DA:265,1
LF:45
LH:18
BRDA:15,0,0,1
BRDA:15,1,0,1
BRDA:15,2,0,2
BRDA:15,3,0,3
BRDA:25,4,0,1
BRDA:25,4,1,12
BRDA:25,5,0,13
BRDA:25,5,1,12
BRDA:40,6,0,0
BRDA:40,7,0,0
BRDA:40,8,0,1
BRDA:44,9,0,2
BRDA:44,9,1,1
BRDA:56,10,0,0
BRDA:61,11,0,0
BRDA:61,11,1,0
BRDA:62,12,0,0
BRDA:62,12,1,0
BRDA:73,13,0,1
BRDA:85,14,0,0
BRDA:97,15,0,1
BRDA:109,16,0,0
BRDA:121,17,0,0
BRDA:135,18,0,0
BRDA:157,19,0,1
BRDA:167,20,0,0
BRDA:176,21,0,1
BRDA:217,22,0,0
BRDA:220,23,0,0
BRDA:221,24,0,0
BRDA:222,25,0,0
BRDA:223,26,0,0
BRDA:224,27,0,0
BRDA:234,28,0,0
BRDA:234,28,1,0
BRDA:234,29,0,0
BRDA:234,29,1,0
BRDA:234,29,2,0
BRDA:235,30,0,0
BRDA:235,30,1,0
BRDA:235,31,0,0
BRDA:235,31,1,0
BRDA:246,32,0,0
BRDA:246,32,1,0
BRF:44
BRH:15
end_of_record
