TN:
SF:src\middlewares\validation.js
FN:7,(anonymous_0)
FN:90,(anonymous_1)
FN:182,(anonymous_2)
FN:199,(anonymous_3)
FN:200,(anonymous_4)
FN:208,(anonymous_5)
FN:211,(anonymous_6)
FN:294,(anonymous_7)
FN:413,(anonymous_8)
FN:657,(anonymous_9)
FNF:10
FNH:1
FNDA:3,(anonymous_0)
FNDA:0,(anonymous_1)
FNDA:0,(anonymous_2)
FNDA:0,(anonymous_3)
FNDA:0,(anonymous_4)
FNDA:0,(anonymous_5)
FNDA:0,(anonymous_6)
FNDA:0,(anonymous_7)
FNDA:0,(anonymous_8)
FNDA:0,(anonymous_9)
DA:2,1
DA:7,1
DA:8,3
DA:9,3
DA:10,1
DA:16,2
DA:22,1
DA:62,1
DA:78,1
DA:91,0
DA:92,0
DA:93,0
DA:94,0
DA:96,0
DA:109,1
DA:156,1
DA:183,0
DA:184,0
DA:185,0
DA:186,0
DA:187,0
DA:190,0
DA:199,1
DA:200,0
DA:201,0
DA:208,0
DA:211,0
DA:212,0
DA:213,0
DA:214,0
DA:215,0
DA:216,0
DA:221,0
DA:222,0
DA:224,0
DA:225,0
DA:227,0
DA:228,0
DA:231,0
DA:237,1
DA:272,1
DA:282,1
DA:295,0
DA:296,0
DA:297,0
DA:298,0
DA:299,0
DA:301,0
DA:355,1
DA:403,1
DA:414,0
DA:415,0
DA:416,0
DA:417,0
DA:418,0
DA:420,0
DA:451,1
DA:468,1
DA:500,1
DA:537,1
DA:561,1
DA:585,1
DA:619,1
DA:647,1
DA:658,0
DA:659,0
DA:660,0
DA:661,0
DA:662,0
DA:664,0
DA:674,1
LF:71
LH:26
BRDA:9,0,0,1
BRDA:9,0,1,2
BRDA:93,1,0,0
BRDA:93,1,1,0
BRDA:93,2,0,0
BRDA:93,2,1,0
BRDA:183,3,0,0
BRDA:183,3,1,0
BRDA:183,4,0,0
BRDA:183,4,1,0
BRDA:186,5,0,0
BRDA:186,5,1,0
BRDA:213,6,0,0
BRDA:213,6,1,0
BRDA:215,7,0,0
BRDA:215,7,1,0
BRDA:215,8,0,0
BRDA:215,8,1,0
BRDA:221,9,0,0
BRDA:221,9,1,0
BRDA:224,10,0,0
BRDA:224,10,1,0
BRDA:227,11,0,0
BRDA:227,11,1,0
BRDA:298,12,0,0
BRDA:298,12,1,0
BRDA:298,13,0,0
BRDA:298,13,1,0
BRDA:417,14,0,0
BRDA:417,14,1,0
BRDA:661,15,0,0
BRDA:661,15,1,0
BRDA:661,16,0,0
BRDA:661,16,1,0
BRF:34
BRH:2
end_of_record
